<?xml version="1.0" encoding="UTF-8"?>
<testsuite xmlns:xsi="http://www.w3.org/2001/XMLSchema-instance" xsi:noNamespaceSchemaLocation="https://maven.apache.org/surefire/maven-surefire-plugin/xsd/surefire-test-report.xsd" version="3.0.2" name="lizhuoer.agri.agri_system.BcryptVerifyTest" time="1.0" tests="1" errors="0" skipped="0" failures="0">
  <properties>
[...]
</properties>
  <testcase name="verifyAndGenerate" classname="lizhuoer.agri.agri_system.BcryptVerifyTest" time="0.906">
    <system-out><![CDATA[=== BCrypt Verify Test ===
Password: 123456
Stored hash: $2a$10$7JB720yubVSZvUI0rEqK/.VqGOZTH.ulu33dHOiBE8ByOhJIrdAu.
Match result: false
Fresh hash for '123456': $2a$10$dBOv.8AE0nH4iBICIHQWzOt/u/sfi8pXy1dYiASbbGu/23FEmhRcm
Fresh hash verify: true
]]></system-out>
  </testcase>
</testsuite>