<?xml version="1.0" encoding="UTF-8"?>
<testsuite xmlns:xsi="http://www.w3.org/2001/XMLSchema-instance" xsi:noNamespaceSchemaLocation="https://maven.apache.org/surefire/maven-surefire-plugin/xsd/surefire-test-report.xsd" version="3.0.2" name="lizhuoer.agri.agri_system.AgriSystemApplicationTests" time="22.024" tests="1" errors="0" skipped="0" failures="0">
  <properties>
[...]
</properties>
  <testcase name="contextLoads" classname="lizhuoer.agri.agri_system.AgriSystemApplicationTests" time="3.077">
    <system-out><![CDATA[04:17:03.851 [main] INFO org.springframework.test.context.support.AnnotationConfigContextLoaderUtils -- Could not detect default configuration classes for test class [lizhuoer.agri.agri_system.AgriSystemApplicationTests]: AgriSystemApplicationTests does not declare any static, non-private, non-final, nested classes annotated with @Configuration.
04:17:04.235 [main] INFO org.springframework.boot.test.context.SpringBootTestContextBootstrapper -- Found @SpringBootConfiguration lizhuoer.agri.agri_system.AgriSystemApplication for test class lizhuoer.agri.agri_system.AgriSystemApplicationTests

  .   ____          _            __ _ _
 /\\ / ___'_ __ _ _(_)_ __  __ _ \ \ \ \
( ( )\___ | '_ | '_| | '_ \/ _` | \ \ \ \
 \\/  ___)| |_)| | | | | || (_| |  ) ) ) )
  '  |____| .__|_| |_|_| |_\__, | / / / /
 =========|_|==============|___/=/_/_/_/

 :: Spring Boot ::               (v3.5.10)

2026-03-01T04:17:05.897+08:00  INFO 21136 --- [agri-system] [           main] l.a.a.AgriSystemApplicationTests         : Starting AgriSystemApplicationTests using Java 20.0.2 with PID 21136 (started by 86180 in C:\Users\86180\Desktop\code\agri-system)
2026-03-01T04:17:05.902+08:00  INFO 21136 --- [agri-system] [           main] l.a.a.AgriSystemApplicationTests         : No active profile set, falling back to 1 default profile: "default"
2026-03-01T04:17:11.448+08:00  INFO 21136 --- [agri-system] [           main] com.zaxxer.hikari.HikariDataSource       : HikariPool-1 - Starting...
2026-03-01T04:17:12.426+08:00  INFO 21136 --- [agri-system] [           main] com.zaxxer.hikari.pool.HikariPool        : HikariPool-1 - Added connection com.mysql.cj.jdbc.ConnectionImpl@5b0902b4
2026-03-01T04:17:12.434+08:00  INFO 21136 --- [agri-system] [           main] com.zaxxer.hikari.HikariDataSource       : HikariPool-1 - Start completed.
Logging initialized using 'class org.apache.ibatis.logging.stdout.StdOutImpl' adapter.
Initialization Sequence datacenterId:14 workerId:18
 _ _   |_  _ _|_. ___ _ |    _ 
| | |\/|_)(_| | |_\  |_)||_|_\ 
     /               |         
                        3.5.5 
Can not find table primary key in Class: "lizhuoer.agri.agri_system.module.system.domain.SysUserRole".
2026-03-01T04:17:16.258+08:00  WARN 21136 --- [agri-system] [           main] c.b.m.core.injector.DefaultSqlInjector   : class lizhuoer.agri.agri_system.module.system.domain.SysUserRole ,Not found @TableId annotation, Cannot use Mybatis-Plus 'xxById' Method.
2026-03-01T04:17:21.111+08:00  INFO 21136 --- [agri-system] [           main] o.s.b.a.e.web.EndpointLinksResolver      : Exposing 1 endpoint beneath base path '/actuator'
2026-03-01T04:17:21.728+08:00  INFO 21136 --- [agri-system] [           main] l.a.a.AgriSystemApplicationTests         : Started AgriSystemApplicationTests in 17.022 seconds (process running for 19.732)
>>> [Simulator] 开始生成模拟传感器数据...
Creating a new SqlSession
Registering transaction synchronization for SqlSession [org.apache.ibatis.session.defaults.DefaultSqlSession@1325ffbd]
JDBC Connection [HikariProxyConnection@1201593861 wrapping com.mysql.cj.jdbc.ConnectionImpl@5b0902b4] will be managed by Spring
==>  Preparing: INSERT INTO iot_sensor_data ( plot_id, sensor_type, value, unit, create_time ) VALUES ( ?, ?, ?, ?, ? )
==> Parameters: Plot_A(String), TEMP(String), 15.990946446615675(BigDecimal), ℃(String), 2026-03-01T04:17:21.865117(LocalDateTime)
<==    Updates: 1
Releasing transactional SqlSession [org.apache.ibatis.session.defaults.DefaultSqlSession@1325ffbd]
Fetched SqlSession [org.apache.ibatis.session.defaults.DefaultSqlSession@1325ffbd] from current transaction
==>  Preparing: SELECT rule_id,rule_name,sensor_type,min_val,max_val,auto_task_type,priority,is_enable FROM agri_task_rule WHERE (sensor_type = ? AND is_enable = ?)
==> Parameters: TEMP(String), 1(Integer)
<==      Total: 0
Releasing transactional SqlSession [org.apache.ibatis.session.defaults.DefaultSqlSession@1325ffbd]
Transaction synchronization committing SqlSession [org.apache.ibatis.session.defaults.DefaultSqlSession@1325ffbd]
Transaction synchronization deregistering SqlSession [org.apache.ibatis.session.defaults.DefaultSqlSession@1325ffbd]
Transaction synchronization closing SqlSession [org.apache.ibatis.session.defaults.DefaultSqlSession@1325ffbd]
    !!! 模拟生成 [异常] 湿度数据: 21.513041700130415
Creating a new SqlSession
Registering transaction synchronization for SqlSession [org.apache.ibatis.session.defaults.DefaultSqlSession@1fd3ef88]
JDBC Connection [HikariProxyConnection@1630564181 wrapping com.mysql.cj.jdbc.ConnectionImpl@5b0902b4] will be managed by Spring
==>  Preparing: INSERT INTO iot_sensor_data ( plot_id, sensor_type, value, unit, create_time ) VALUES ( ?, ?, ?, ?, ? )
==> Parameters: Plot_A(String), HUMIDITY(String), 21.513041700130415(BigDecimal), %(String), 2026-03-01T04:17:23.094017600(LocalDateTime)
<==    Updates: 1
Releasing transactional SqlSession [org.apache.ibatis.session.defaults.DefaultSqlSession@1fd3ef88]
Fetched SqlSession [org.apache.ibatis.session.defaults.DefaultSqlSession@1fd3ef88] from current transaction
==>  Preparing: SELECT rule_id,rule_name,sensor_type,min_val,max_val,auto_task_type,priority,is_enable FROM agri_task_rule WHERE (sensor_type = ? AND is_enable = ?)
==> Parameters: HUMIDITY(String), 1(Integer)
<==    Columns: rule_id, rule_name, sensor_type, min_val, max_val, auto_task_type, priority, is_enable
<==        Row: 3, 土壤干旱预警, humidity, 0.00, 30.00, 补水灌溉, 2, 1
<==      Total: 1
Releasing transactional SqlSession [org.apache.ibatis.session.defaults.DefaultSqlSession@1fd3ef88]
Transaction synchronization committing SqlSession [org.apache.ibatis.session.defaults.DefaultSqlSession@1fd3ef88]
Transaction synchronization deregistering SqlSession [org.apache.ibatis.session.defaults.DefaultSqlSession@1fd3ef88]
Transaction synchronization closing SqlSession [org.apache.ibatis.session.defaults.DefaultSqlSession@1fd3ef88]
Creating a new SqlSession
Registering transaction synchronization for SqlSession [org.apache.ibatis.session.defaults.DefaultSqlSession@3f60c88e]
JDBC Connection [HikariProxyConnection@2044443370 wrapping com.mysql.cj.jdbc.ConnectionImpl@5b0902b4] will be managed by Spring
==>  Preparing: INSERT INTO iot_sensor_data ( plot_id, sensor_type, value, unit, create_time ) VALUES ( ?, ?, ?, ?, ? )
==> Parameters: Plot_B(String), TEMP(String), 23.015219297874843(BigDecimal), ℃(String), 2026-03-01T04:17:23.137337100(LocalDateTime)
<==    Updates: 1
Releasing transactional SqlSession [org.apache.ibatis.session.defaults.DefaultSqlSession@3f60c88e]
Fetched SqlSession [org.apache.ibatis.session.defaults.DefaultSqlSession@3f60c88e] from current transaction
==>  Preparing: SELECT rule_id,rule_name,sensor_type,min_val,max_val,auto_task_type,priority,is_enable FROM agri_task_rule WHERE (sensor_type = ? AND is_enable = ?)
==> Parameters: TEMP(String), 1(Integer)
<==      Total: 0
Releasing transactional SqlSession [org.apache.ibatis.session.defaults.DefaultSqlSession@3f60c88e]
Transaction synchronization committing SqlSession [org.apache.ibatis.session.defaults.DefaultSqlSession@3f60c88e]
Transaction synchronization deregistering SqlSession [org.apache.ibatis.session.defaults.DefaultSqlSession@3f60c88e]
Transaction synchronization closing SqlSession [org.apache.ibatis.session.defaults.DefaultSqlSession@3f60c88e]
Creating a new SqlSession
Registering transaction synchronization for SqlSession [org.apache.ibatis.session.defaults.DefaultSqlSession@4e7f4db]
JDBC Connection [HikariProxyConnection@1360067466 wrapping com.mysql.cj.jdbc.ConnectionImpl@5b0902b4] will be managed by Spring
==>  Preparing: INSERT INTO iot_sensor_data ( plot_id, sensor_type, value, unit, create_time ) VALUES ( ?, ?, ?, ?, ? )
==> Parameters: Plot_B(String), HUMIDITY(String), 40.28465590212073(BigDecimal), %(String), 2026-03-01T04:17:23.161654600(LocalDateTime)
<==    Updates: 1
Releasing transactional SqlSession [org.apache.ibatis.session.defaults.DefaultSqlSession@4e7f4db]
Fetched SqlSession [org.apache.ibatis.session.defaults.DefaultSqlSession@4e7f4db] from current transaction
==>  Preparing: SELECT rule_id,rule_name,sensor_type,min_val,max_val,auto_task_type,priority,is_enable FROM agri_task_rule WHERE (sensor_type = ? AND is_enable = ?)
==> Parameters: HUMIDITY(String), 1(Integer)
<==    Columns: rule_id, rule_name, sensor_type, min_val, max_val, auto_task_type, priority, is_enable
<==        Row: 3, 土壤干旱预警, humidity, 0.00, 30.00, 补水灌溉, 2, 1
<==      Total: 1
Releasing transactional SqlSession [org.apache.ibatis.session.defaults.DefaultSqlSession@4e7f4db]
Fetched SqlSession [org.apache.ibatis.session.defaults.DefaultSqlSession@4e7f4db] from current transaction
==>  Preparing: INSERT INTO agri_task ( task_name, task_type, priority, plan_time, status, create_time, update_time, version ) VALUES ( ?, ?, ?, ?, ?, ?, ?, ? )
==> Parameters: [自动预警] 地块Plot_B 土壤干旱预警(String), 补水灌溉(String), 2(Integer), 2026-03-01T06:17:23.197667700(LocalDateTime), 0(Integer), 2026-03-01T04:17:23.198665800(LocalDateTime), 2026-03-01T04:17:23.198665800(LocalDateTime), 0(Integer)
<==    Updates: 1
Releasing transactional SqlSession [org.apache.ibatis.session.defaults.DefaultSqlSession@4e7f4db]
Transaction synchronization committing SqlSession [org.apache.ibatis.session.defaults.DefaultSqlSession@4e7f4db]
Transaction synchronization deregistering SqlSession [org.apache.ibatis.session.defaults.DefaultSqlSession@4e7f4db]
Transaction synchronization closing SqlSession [org.apache.ibatis.session.defaults.DefaultSqlSession@4e7f4db]
Creating a new SqlSession
Registering transaction synchronization for SqlSession [org.apache.ibatis.session.defaults.DefaultSqlSession@cbb9744]
JDBC Connection [HikariProxyConnection@817677445 wrapping com.mysql.cj.jdbc.ConnectionImpl@5b0902b4] will be managed by Spring
==>  Preparing: INSERT INTO iot_sensor_data ( plot_id, sensor_type, value, unit, create_time ) VALUES ( ?, ?, ?, ?, ? )
==> Parameters: Greenhouse_1(String), TEMP(String), 18.379109202273636(BigDecimal), ℃(String), 2026-03-01T04:17:23.224401400(LocalDateTime)
<==    Updates: 1
Releasing transactional SqlSession [org.apache.ibatis.session.defaults.DefaultSqlSession@cbb9744]
Fetched SqlSession [org.apache.ibatis.session.defaults.DefaultSqlSession@cbb9744] from current transaction
==>  Preparing: SELECT rule_id,rule_name,sensor_type,min_val,max_val,auto_task_type,priority,is_enable FROM agri_task_rule WHERE (sensor_type = ? AND is_enable = ?)
==> Parameters: TEMP(String), 1(Integer)
<==      Total: 0
Releasing transactional SqlSession [org.apache.ibatis.session.defaults.DefaultSqlSession@cbb9744]
Transaction synchronization committing SqlSession [org.apache.ibatis.session.defaults.DefaultSqlSession@cbb9744]
Transaction synchronization deregistering SqlSession [org.apache.ibatis.session.defaults.DefaultSqlSession@cbb9744]
Transaction synchronization closing SqlSession [org.apache.ibatis.session.defaults.DefaultSqlSession@cbb9744]
Creating a new SqlSession
Registering transaction synchronization for SqlSession [org.apache.ibatis.session.defaults.DefaultSqlSession@75aa781f]
JDBC Connection [HikariProxyConnection@680760853 wrapping com.mysql.cj.jdbc.ConnectionImpl@5b0902b4] will be managed by Spring
==>  Preparing: INSERT INTO iot_sensor_data ( plot_id, sensor_type, value, unit, create_time ) VALUES ( ?, ?, ?, ?, ? )
==> Parameters: Greenhouse_1(String), HUMIDITY(String), 64.32783638782506(BigDecimal), %(String), 2026-03-01T04:17:23.247669400(LocalDateTime)
<==    Updates: 1
Releasing transactional SqlSession [org.apache.ibatis.session.defaults.DefaultSqlSession@75aa781f]
Fetched SqlSession [org.apache.ibatis.session.defaults.DefaultSqlSession@75aa781f] from current transaction
==>  Preparing: SELECT rule_id,rule_name,sensor_type,min_val,max_val,auto_task_type,priority,is_enable FROM agri_task_rule WHERE (sensor_type = ? AND is_enable = ?)
==> Parameters: HUMIDITY(String), 1(Integer)
<==    Columns: rule_id, rule_name, sensor_type, min_val, max_val, auto_task_type, priority, is_enable
<==        Row: 3, 土壤干旱预警, humidity, 0.00, 30.00, 补水灌溉, 2, 1
<==      Total: 1
Releasing transactional SqlSession [org.apache.ibatis.session.defaults.DefaultSqlSession@75aa781f]
Fetched SqlSession [org.apache.ibatis.session.defaults.DefaultSqlSession@75aa781f] from current transaction
==>  Preparing: INSERT INTO agri_task ( task_name, task_type, priority, plan_time, status, create_time, update_time, version ) VALUES ( ?, ?, ?, ?, ?, ?, ?, ? )
==> Parameters: [自动预警] 地块Greenhouse_1 土壤干旱预警(String), 补水灌溉(String), 2(Integer), 2026-03-01T06:17:23.266090500(LocalDateTime), 0(Integer), 2026-03-01T04:17:23.266090500(LocalDateTime), 2026-03-01T04:17:23.266090500(LocalDateTime), 0(Integer)
<==    Updates: 1
Releasing transactional SqlSession [org.apache.ibatis.session.defaults.DefaultSqlSession@75aa781f]
Transaction synchronization committing SqlSession [org.apache.ibatis.session.defaults.DefaultSqlSession@75aa781f]
Transaction synchronization deregistering SqlSession [org.apache.ibatis.session.defaults.DefaultSqlSession@75aa781f]
Transaction synchronization closing SqlSession [org.apache.ibatis.session.defaults.DefaultSqlSession@75aa781f]
]]></system-out>
  </testcase>
</testsuite>